/docker-entrypoint.sh: /docker-entrypoint.d/ is not empty, will attempt to perform configuration
/docker-entrypoint.sh: Looking for shell scripts in /docker-entrypoint.d/
/docker-entrypoint.sh: Launching /docker-entrypoint.d/10-listen-on-ipv6-by-default.sh
10-listen-on-ipv6-by-default.sh: info: Getting the checksum of /etc/nginx/conf.d/default.conf
10-listen-on-ipv6-by-default.sh: info: Enabled listen on IPv6 in /etc/nginx/conf.d/default.conf
/docker-entrypoint.sh: Sourcing /docker-entrypoint.d/15-local-resolvers.envsh
/docker-entrypoint.sh: Launching /docker-entrypoint.d/20-envsubst-on-templates.sh
/docker-entrypoint.sh: Launching /docker-entrypoint.d/30-tune-worker-processes.sh
/docker-entrypoint.sh: Configuration complete; ready for start up
2023/12/23 18:44:51 [notice] 1#1: using the "epoll" event method
2023/12/23 18:44:51 [notice] 1#1: nginx/1.25.3
2023/12/23 18:44:51 [notice] 1#1: built by gcc 12.2.0 (Debian 12.2.0-14) 
2023/12/23 18:44:51 [notice] 1#1: OS: Linux 6.2.0-39-generic
2023/12/23 18:44:51 [notice] 1#1: getrlimit(RLIMIT_NOFILE): 1048576:1048576
2023/12/23 18:44:51 [notice] 1#1: start worker processes
2023/12/23 18:44:51 [notice] 1#1: start worker process 29
2023/12/23 18:44:51 [notice] 1#1: start worker process 30
2023/12/23 18:44:51 [notice] 1#1: start worker process 31
2023/12/23 18:44:51 [notice] 1#1: start worker process 32
2023/12/23 18:44:51 [notice] 1#1: start worker process 33
2023/12/23 18:44:51 [notice] 1#1: start worker process 34
2023/12/23 18:44:51 [notice] 1#1: start worker process 35
2023/12/23 18:44:51 [notice] 1#1: start worker process 36
2023/12/23 18:44:51 [notice] 1#1: start worker process 37
2023/12/23 18:44:51 [notice] 1#1: start worker process 38
2023/12/23 18:44:51 [notice] 1#1: start worker process 39
2023/12/23 18:44:51 [notice] 1#1: start worker process 40
2023/12/23 18:44:51 [notice] 1#1: start worker process 41
2023/12/23 18:44:51 [notice] 1#1: start worker process 42
2023/12/23 18:44:51 [notice] 1#1: start worker process 43
2023/12/23 18:44:51 [notice] 1#1: start worker process 44
2023/12/23 18:44:51 [notice] 1#1: start worker process 45
2023/12/23 18:44:51 [notice] 1#1: start worker process 46
2023/12/23 18:44:51 [notice] 1#1: start worker process 47
2023/12/23 18:44:51 [notice] 1#1: start worker process 48
